<?xml version="1.0" encoding="UTF-8"?>
<testng-results skipped="0" failed="0" ignored="0" total="1" passed="1">
  <reporter-output>
  </reporter-output>
  <suite name="Default suite" duration-ms="16918" started-at="2019-03-22T22:48:34Z" finished-at="2019-03-22T22:48:51Z">
    <groups>
    </groups>
    <test name="Default test" duration-ms="16918" started-at="2019-03-22T22:48:34Z" finished-at="2019-03-22T22:48:51Z">
      <class name="com.qa.hs.keyword.test.LoginTest">
        <test-method status="PASS" signature="loginTest()[pri:0, instance:com.qa.hs.keyword.test.LoginTest@68be2bc2]" name="loginTest" duration-ms="16891" started-at="2019-03-22T15:48:34Z" finished-at="2019-03-22T15:48:51Z">
          <reporter-output>
          </reporter-output>
        </test-method> <!-- loginTest -->
      </class> <!-- com.qa.hs.keyword.test.LoginTest -->
    </test> <!-- Default test -->
  </suite> <!-- Default suite -->
</testng-results>
